<?xml version="1.0" encoding="UTF-8"?>
<!-- Generated by org.testng.reporters.JUnitReportReporter -->
<testsuite hostname="gimjunucbookair.lan" failures="0" tests="4" name="com.scenario.common.FaceWallet" time="7.145" errors="0" timestamp="2023-05-31T21:55:43 KST" skipped="0">
  <testcase classname="com.scenario.common.FaceWallet" name="CASE_02_소셜로그인" time="3.164"/>
  <system-out/>
  <testcase classname="com.scenario.common.FaceWallet" name="CASE_01_네트워크_선택" time="0.227"/>
  <system-out/>
  <testcase classname="com.scenario.common.FaceWallet" name="CASE_01_네트워크_선택" time="0.044"/>
  <system-out/>
  <testcase classname="com.scenario.common.FaceWallet" name="CASE_02_소셜로그인" time="3.710"/>
  <system-out/>
</testsuite> <!-- com.scenario.common.FaceWallet -->
